
envSeed: 0sensorSeed: 0 EXP_ID: 0 Algo: AAT agentnum: 100 h_trg: 0.94 expd: 8,,0.689866666666666, 0.2946, 0.0155333333333333, 

envSeed: 0sensorSeed: 1 EXP_ID: 1 Algo: AAT agentnum: 100 h_trg: 0.94 expd: 8,,0.689866666666666, 0.2946, 0.0155333333333333, 

envSeed: 0sensorSeed: 2 EXP_ID: 2 Algo: AAT agentnum: 100 h_trg: 0.94 expd: 8,,0.689866666666666, 0.2946, 0.0155333333333333, 

envSeed: 0sensorSeed: 3 EXP_ID: 3 Algo: AAT agentnum: 100 h_trg: 0.94 expd: 8,,0.689866666666666, 0.2946, 0.0155333333333333, 

envSeed: 0sensorSeed: 4 EXP_ID: 4 Algo: AAT agentnum: 100 h_trg: 0.94 expd: 8,,0.689866666666666, 0.2946, 0.0155333333333333, 

envSeed: 0sensorSeed: 5 EXP_ID: 5 Algo: AAT agentnum: 100 h_trg: 0.94 expd: 8,,0.689866666666666, 0.2946, 0.0155333333333333, 

envSeed: 0sensorSeed: 6 EXP_ID: 6 Algo: AAT agentnum: 100 h_trg: 0.94 expd: 8,,0.689866666666666, 0.2946, 0.0155333333333333, 

envSeed: 0sensorSeed: 7 EXP_ID: 7 Algo: AAT agentnum: 100 h_trg: 0.94 expd: 8,,0.689866666666666, 0.2946, 0.0155333333333333, 

envSeed: 0sensorSeed: 8 EXP_ID: 8 Algo: AAT agentnum: 100 h_trg: 0.94 expd: 8,,0.689866666666666, 0.2946, 0.0155333333333333, 

envSeed: 0sensorSeed: 9 EXP_ID: 9 Algo: AAT agentnum: 100 h_trg: 0.94 expd: 8,,0.689866666666666, 0.2946, 0.0155333333333333, 

envSeed: 0sensorSeed: 0 EXP_ID: 0 Algo: AAT agentnum: 100 h_trg: 0.94 expd: 8,,0.689866666666666, 0.2946, 0.0155333333333333, 

envSeed: 0sensorSeed: 0 EXP_ID: 1 Algo: AAT agentnum: 100 h_trg: 0.94 expd: 8,,0.689866666666666, 0.2946, 0.0155333333333333, 

envSeed: 0sensorSeed: 0 EXP_ID: 2 Algo: AAT agentnum: 100 h_trg: 0.94 expd: 8,,0.689866666666666, 0.2946, 0.0155333333333333, 

envSeed: 0sensorSeed: 0 EXP_ID: 3 Algo: AAT agentnum: 100 h_trg: 0.94 expd: 8,,0.689866666666666, 0.2946, 0.0155333333333333, 

envSeed: 0sensorSeed: 0 EXP_ID: 4 Algo: AAT agentnum: 100 h_trg: 0.94 expd: 8,,0.689866666666666, 0.2946, 0.0155333333333333, 

envSeed: 0sensorSeed: 0 EXP_ID: 5 Algo: AAT agentnum: 100 h_trg: 0.94 expd: 8,,0.689866666666666, 0.2946, 0.0155333333333333, 

envSeed: 0sensorSeed: 0 EXP_ID: 6 Algo: AAT agentnum: 100 h_trg: 0.94 expd: 8,,0.689866666666666, 0.2946, 0.0155333333333333, 

envSeed: 0sensorSeed: 0 EXP_ID: 7 Algo: AAT agentnum: 100 h_trg: 0.94 expd: 8,,0.689866666666666, 0.2946, 0.0155333333333333, 

envSeed: 0sensorSeed: 0 EXP_ID: 0 Algo: AAT agentnum: 100 h_trg: 0.94 expd: 8,,0.689866666666666, 0.2946, 0.0155333333333333, 

envSeed: 0sensorSeed: 1 EXP_ID: 1 Algo: AAT agentnum: 100 h_trg: 0.94 expd: 8,,0.689866666666666, 0.2946, 0.0155333333333333, 

envSeed: 0sensorSeed: 2 EXP_ID: 2 Algo: AAT agentnum: 100 h_trg: 0.94 expd: 8,,0.689866666666666, 0.2946, 0.0155333333333333, 

envSeed: 0sensorSeed: 3 EXP_ID: 3 Algo: AAT agentnum: 100 h_trg: 0.94 expd: 8,,0.689866666666666, 0.2946, 0.0155333333333333, 

envSeed: 0sensorSeed: 4 EXP_ID: 4 Algo: AAT agentnum: 100 h_trg: 0.94 expd: 8,,0.689866666666666, 0.2946, 0.0155333333333333, 

envSeed: 0sensorSeed: 5 EXP_ID: 5 Algo: AAT agentnum: 100 h_trg: 0.94 expd: 8,,0.689866666666666, 0.2946, 0.0155333333333333, 

envSeed: 0sensorSeed: 6 EXP_ID: 6 Algo: AAT agentnum: 100 h_trg: 0.94 expd: 8,,0.689866666666666, 0.2946, 0.0155333333333333, 

envSeed: 0sensorSeed: 7 EXP_ID: 7 Algo: AAT agentnum: 100 h_trg: 0.94 expd: 8,,0.689866666666666, 0.2946, 0.0155333333333333, 

envSeed: 0sensorSeed: 8 EXP_ID: 8 Algo: AAT agentnum: 100 h_trg: 0.94 expd: 8,,0.689866666666666, 0.2946, 0.0155333333333333, 

envSeed: 0sensorSeed: 9 EXP_ID: 9 Algo: AAT agentnum: 100 h_trg: 0.94 expd: 8,,0.689866666666666, 0.2946, 0.0155333333333333, 

envSeed: 0sensorSeed: 0 EXP_ID: 0 Algo: AAT agentnum: 100 h_trg: 0.94 expd: 8,,0.689866666666666, 0.2946, 0.0155333333333333, 

envSeed: 0sensorSeed: 1 EXP_ID: 1 Algo: AAT agentnum: 100 h_trg: 0.94 expd: 8,,0.689866666666666, 0.2946, 0.0155333333333333, 

envSeed: 0sensorSeed: 2 EXP_ID: 2 Algo: AAT agentnum: 100 h_trg: 0.94 expd: 8,,0.689866666666666, 0.2946, 0.0155333333333333, 

envSeed: 0sensorSeed: 3 EXP_ID: 3 Algo: AAT agentnum: 100 h_trg: 0.94 expd: 8,,0.689866666666666, 0.2946, 0.0155333333333333, 

envSeed: 0sensorSeed: 4 EXP_ID: 4 Algo: AAT agentnum: 100 h_trg: 0.94 expd: 8,,0.689866666666666, 0.2946, 0.0155333333333333, 

envSeed: 0sensorSeed: 5 EXP_ID: 5 Algo: AAT agentnum: 100 h_trg: 0.94 expd: 8,,0.689866666666666, 0.2946, 0.0155333333333333, 

envSeed: 0sensorSeed: 6 EXP_ID: 6 Algo: AAT agentnum: 100 h_trg: 0.94 expd: 8,,0.689866666666666, 0.2946, 0.0155333333333333, 

envSeed: 0sensorSeed: 7 EXP_ID: 7 Algo: AAT agentnum: 100 h_trg: 0.94 expd: 8,,0.689866666666666, 0.2946, 0.0155333333333333, 

envSeed: 0sensorSeed: 8 EXP_ID: 8 Algo: AAT agentnum: 100 h_trg: 0.94 expd: 8,,0.689866666666666, 0.2946, 0.0155333333333333, 

envSeed: 0sensorSeed: 9 EXP_ID: 9 Algo: AAT agentnum: 100 h_trg: 0.94 expd: 8,,0.689866666666666, 0.2946, 0.0155333333333333, 

envSeed: 0sensorSeed: 0 EXP_ID: 0 Algo: AAT agentnum: 100 h_trg: 0.94 expd: 8,,0.689866666666666, 0.2946, 0.0155333333333333, 

envSeed: 0sensorSeed: 0 EXP_ID: 0 Algo: AAT agentnum: 100 h_trg: 0.94 expd: 8,,0.689866666666666, 0.2946, 0.0155333333333333, 

envSeed: 0sensorSeed: 0 EXP_ID: 0 Algo: AAT agentnum: 100 h_trg: 0.94 expd: 8,,0.689866666666666, 0.2946, 0.0155333333333333, 

envSeed: 0sensorSeed: 1 EXP_ID: 1 Algo: AAT agentnum: 100 h_trg: 0.94 expd: 8,,0.689866666666666, 0.2946, 0.0155333333333333, 

envSeed: 0sensorSeed: 2 EXP_ID: 2 Algo: AAT agentnum: 100 h_trg: 0.94 expd: 8,,0.689866666666666, 0.2946, 0.0155333333333333, 

envSeed: 0sensorSeed: 3 EXP_ID: 3 Algo: AAT agentnum: 100 h_trg: 0.94 expd: 8,,0.689866666666666, 0.2946, 0.0155333333333333, 

envSeed: 0sensorSeed: 4 EXP_ID: 4 Algo: AAT agentnum: 100 h_trg: 0.94 expd: 8,,0.689866666666666, 0.2946, 0.0155333333333333, 

envSeed: 0sensorSeed: 5 EXP_ID: 5 Algo: AAT agentnum: 100 h_trg: 0.94 expd: 8,,0.689866666666666, 0.2946, 0.0155333333333333, 

envSeed: 0sensorSeed: 6 EXP_ID: 6 Algo: AAT agentnum: 100 h_trg: 0.94 expd: 8,,0.689866666666666, 0.2946, 0.0155333333333333, 

envSeed: 0sensorSeed: 7 EXP_ID: 7 Algo: AAT agentnum: 100 h_trg: 0.94 expd: 8,,0.689866666666666, 0.2946, 0.0155333333333333, 

envSeed: 0sensorSeed: 8 EXP_ID: 8 Algo: AAT agentnum: 100 h_trg: 0.94 expd: 8,,0.689866666666666, 0.2946, 0.0155333333333333, 

envSeed: 0sensorSeed: 9 EXP_ID: 9 Algo: AAT agentnum: 100 h_trg: 0.94 expd: 8,,0.689866666666666, 0.2946, 0.0155333333333333, 

envSeed: 0sensorSeed: 0 EXP_ID: 0 Algo: AAT agentnum: 100 h_trg: 0.94 expd: 8,,0.689866666666666, 0.2946, 0.0155333333333333, 

envSeed: 0sensorSeed: 1 EXP_ID: 1 Algo: AAT agentnum: 100 h_trg: 0.94 expd: 8,,0.689866666666666, 0.2946, 0.0155333333333333, 

envSeed: 0 EXP_ID: 0 Algo: AAT agentnum: 100 linkNum: 99 h_trg: 0.94 expd: 8,,0.685333333333333, 0.295466666666667, 0.0192, 

envSeed: 0 EXP_ID: 1 Algo: AAT agentnum: 100 linkNum: 90 h_trg: 0.94 expd: 8,,0.701333333333333, 0.298666666666667, 1.73472347597681E-19, 

envSeed: 0 EXP_ID: 2 Algo: AAT agentnum: 100 linkNum: 80 h_trg: 0.94 expd: 8,,0.691333333333333, 0.296666666666667, 0.012, 

envSeed: 0 EXP_ID: 3 Algo: AAT agentnum: 100 linkNum: 70 h_trg: 0.94 expd: 8,,0.630733333333333, 0.305266666666667, 0.064, 

envSeed: 0 EXP_ID: 4 Algo: AAT agentnum: 100 linkNum: 60 h_trg: 0.94 expd: 8,,0.687466666666666, 0.284466666666667, 0.0280666666666666, 

envSeed: 0 EXP_ID: 5 Algo: AAT agentnum: 100 linkNum: 50 h_trg: 0.94 expd: 8,,0.689466666666667, 0.285866666666667, 0.0246666666666667, 

envSeed: 0 EXP_ID: 6 Algo: AAT agentnum: 100 linkNum: 40 h_trg: 0.94 expd: 8,,0.681666666666667, 0.282, 0.0363333333333333, 

envSeed: 0 EXP_ID: 7 Algo: AAT agentnum: 100 linkNum: 30 h_trg: 0.94 expd: 8,,0.646, 0.308733333333333, 0.0452666666666667, 

envSeed: 0 EXP_ID: 8 Algo: AAT agentnum: 100 linkNum: 20 h_trg: 0.94 expd: 8,,0.6824, 0.3176, 1.73472347597681E-19, 

envSeed: 0 EXP_ID: 9 Algo: AAT agentnum: 100 linkNum: 10 h_trg: 0.94 expd: 8,,0.687533333333333, 0.281133333333333, 0.0313333333333333, 

envSeed: 0 EXP_ID: 10 Algo: AAT agentnum: 100 linkNum: 0 h_trg: 0.94 expd: 8,,0.686266666666666, 0.280933333333333, 0.0328, 
